<?xml version="1.0" encoding="UTF-8"?>
<testsuite xmlns:xsi="http://www.w3.org/2001/XMLSchema-instance" xsi:noNamespaceSchemaLocation="https://maven.apache.org/surefire/maven-surefire-plugin/xsd/surefire-test-report.xsd" name="test.BeruTests" time="64.657" tests="9" errors="0" skipped="6" failures="2">
  <properties>
[...]
</properties>
  <testcase name="loginTest" classname="test.BeruTests" time="8.579"/>
  <testcase name="regionTest" classname="test.BeruTests" time="12.403">
    <failure message="Element not found {By.xpath: //*[text()=&apos;Войти в аккаунт&apos;]}&#10;Expected: exist" type="com.codeborne.selenide.ex.ElementNotFound">com.codeborne.selenide.ex.ElementNotFound: 
Element not found {By.xpath: //*[text()='Войти в аккаунт']}
Expected: exist
	at test.BeruTests.regionTest(BeruTests.java:56)
Caused by: org.openqa.selenium.StaleElementReferenceException: 
stale element reference: element is not attached to the page document
  (Session info: chrome=76.0.3788.1)
For documentation on this error, please visit: https://www.seleniumhq.org/exceptions/stale_element_reference.html
Build info: version: '3.141.59', revision: 'e82be7d358', time: '2018-11-14T08:17:03'
System info: host: 'DESKTOP-41JC6ND', ip: '192.168.56.1', os.name: 'Windows 10', os.arch: 'amd64', os.version: '10.0', java.version: '11.0.2'
Driver info: org.openqa.selenium.chrome.ChromeDriver
Capabilities {acceptInsecureCerts: false, browserName: chrome, browserVersion: 76.0.3788.1, chrome: {chromedriverVersion: 75.0.3770.8 (681f24ea911fe7..., userDataDir: C:\Users\D395~1\AppData\Loc...}, goog:chromeOptions: {debuggerAddress: localhost:5075}, javascriptEnabled: true, networkConnectionEnabled: false, pageLoadStrategy: normal, platform: XP, platformName: XP, proxy: Proxy(), setWindowRect: true, strictFileInteractability: false, timeouts: {implicit: 0, pageLoad: 300000, script: 30000}, unhandledPromptBehavior: dismiss and notify}
Session ID: 8572acbd23ff8b6ad28a1fd31c1dec0a
	at test.BeruTests.regionTest(BeruTests.java:56)
</failure>
    <system-err><![CDATA[мая 11, 2019 12:14:00 AM com.codeborne.selenide.drivercommands.CloseDriverCommand run
INFO: Close webdriver: 1 -> org.openqa.selenium.support.events.EventFiringWebDriver@3ec082a1
мая 11, 2019 12:14:00 AM com.codeborne.selenide.drivercommands.CloseBrowser run
INFO: Trying to close the browser EventFiringWebDriver ...
мая 11, 2019 12:14:01 AM com.codeborne.selenide.drivercommands.CloseDriverCommand run
INFO: Closed webdriver 1 in 771 ms
мая 11, 2019 12:14:01 AM com.codeborne.selenide.drivercommands.LazyDriver getAndCheckWebDriver
INFO: No webdriver is bound to current thread: 1 - let's create a new webdriver
Starting ChromeDriver 75.0.3770.8 (681f24ea911fe754973dda2fdc6d2a2e159dd300-refs/branch-heads/3770@{#40}) on port 31867
Only local connections are allowed.
Please protect ports used by ChromeDriver and related test frameworks to prevent access by malicious code.
[1557519242.594][WARNING]: This version of ChromeDriver has not been tested with Chrome version 76.
мая 11, 2019 12:14:03 AM org.openqa.selenium.remote.ProtocolHandshake createSession
INFO: Detected dialect: W3C
мая 11, 2019 12:14:03 AM com.codeborne.selenide.webdriver.BrowserResizer adjustBrowserSize
INFO: Set browser size to 1366x768
мая 11, 2019 12:14:04 AM com.codeborne.selenide.webdriver.WebDriverFactory logBrowserVersion
INFO: BrowserName=chrome Version=76.0.3788.1 Platform=XP
мая 11, 2019 12:14:04 AM com.codeborne.selenide.webdriver.WebDriverFactory createWebDriver
INFO: Selenide v. 5.1.0
мая 11, 2019 12:14:04 AM com.codeborne.selenide.webdriver.WebDriverFactory logSeleniumInfo
INFO: Selenium WebDriver v. 3.141.59 build time: 2018-11-14T08:17:03
мая 11, 2019 12:14:04 AM com.codeborne.selenide.drivercommands.CreateDriverCommand createDriver
INFO: Create webdriver in current thread 1: ChromeDriver -> ChromeDriver: chrome on XP (8572acbd23ff8b6ad28a1fd31c1dec0a)
мая 11, 2019 12:14:04 AM com.codeborne.selenide.drivercommands.CreateDriverCommand addListeners
INFO: Add listener to webdriver: test.EventListener@4fea840f
мая 11, 2019 12:14:04 AM com.codeborne.selenide.drivercommands.CreateDriverCommand addListeners
INFO: Add listener to webdriver: test.EventListener@ca2be53
]]></system-err>
  </testcase>
  <testcase name="regionTest" classname="test.BeruTests" time="0">
    <skipped message="Element not found {By.xpath: //*[@title=&apos;Мой профиль&apos;]}&#10;Expected: exist"/>
  </testcase>
  <testcase name="tearDown" classname="test.BeruTests" time="16.465">
    <failure message="Element not found {By.xpath: //*[@title=&apos;Мой профиль&apos;]}&#10;Expected: exist" type="com.codeborne.selenide.ex.ElementNotFound">com.codeborne.selenide.ex.ElementNotFound: 
Element not found {By.xpath: //*[@title='Мой профиль']}
Expected: exist
	at test.BeruTests.tearDown(BeruTests.java:28)
Caused by: org.openqa.selenium.NoSuchElementException: 
no such element: Unable to locate element: {"method":"xpath","selector":"//*[@title='Мой профиль']"}
  (Session info: chrome=76.0.3788.1)
For documentation on this error, please visit: https://www.seleniumhq.org/exceptions/no_such_element.html
Build info: version: '3.141.59', revision: 'e82be7d358', time: '2018-11-14T08:17:03'
System info: host: 'DESKTOP-41JC6ND', ip: '192.168.56.1', os.name: 'Windows 10', os.arch: 'amd64', os.version: '10.0', java.version: '11.0.2'
Driver info: org.openqa.selenium.chrome.ChromeDriver
Capabilities {acceptInsecureCerts: false, browserName: chrome, browserVersion: 76.0.3788.1, chrome: {chromedriverVersion: 75.0.3770.8 (681f24ea911fe7..., userDataDir: C:\Users\D395~1\AppData\Loc...}, goog:chromeOptions: {debuggerAddress: localhost:5075}, javascriptEnabled: true, networkConnectionEnabled: false, pageLoadStrategy: normal, platform: XP, platformName: XP, proxy: Proxy(), setWindowRect: true, strictFileInteractability: false, timeouts: {implicit: 0, pageLoad: 300000, script: 30000}, unhandledPromptBehavior: dismiss and notify}
Session ID: 8572acbd23ff8b6ad28a1fd31c1dec0a
*** Element info: {Using=xpath, value=//*[@title='Мой профиль']}
	at test.BeruTests.tearDown(BeruTests.java:28)
</failure>
  </testcase>
  <testcase name="tearDown" classname="test.BeruTests" time="0">
    <skipped/>
  </testcase>
  <testcase name="tearDown" classname="test.BeruTests" time="0">
    <skipped/>
  </testcase>
  <testcase name="setUp" classname="test.BeruTests" time="0">
    <skipped/>
  </testcase>
  <testcase name="setUp" classname="test.BeruTests" time="0">
    <skipped/>
  </testcase>
  <testcase name="toothbrushTest" classname="test.BeruTests" time="0">
    <skipped message="Element not found {By.xpath: //*[@title=&apos;Мой профиль&apos;]}&#10;Expected: exist"/>
  </testcase>
</testsuite>