<?xml version="1.0" encoding="UTF-8"?>
<testng-results ignored="0" total="1" passed="1" failed="0" skipped="0">
  <reporter-output>
  </reporter-output>
  <suite started-at="2019-05-10T19:46:06Z" name="Surefire suite" finished-at="2019-05-10T19:46:45Z" duration-ms="39387">
    <groups>
    </groups>
    <test started-at="2019-05-10T19:46:06Z" name="Surefire test" finished-at="2019-05-10T19:46:45Z" duration-ms="39387">
      <class name="test.BeruTests">
        <test-method is-config="true" signature="setUp()[pri:0, instance:test.BeruTests@2a037324]" started-at="2019-05-10T19:46:06Z" name="setUp" finished-at="2019-05-10T19:46:18Z" duration-ms="12003" status="PASS">
          <reporter-output>
          </reporter-output>
        </test-method> <!-- setUp -->
        <test-method signature="loginTest()[pri:0, instance:test.BeruTests@2a037324]" started-at="2019-05-10T19:46:18Z" name="loginTest" finished-at="2019-05-10T19:46:27Z" duration-ms="8853" status="PASS">
          <reporter-output>
          </reporter-output>
        </test-method> <!-- loginTest -->
        <test-method is-config="true" signature="tearDown()[pri:0, instance:test.BeruTests@2a037324]" started-at="2019-05-10T19:46:27Z" name="tearDown" finished-at="2019-05-10T19:46:45Z" duration-ms="18279" status="PASS">
          <reporter-output>
          </reporter-output>
        </test-method> <!-- tearDown -->
      </class> <!-- test.BeruTests -->
    </test> <!-- Surefire test -->
  </suite> <!-- Surefire suite -->
</testng-results>
